<?xml version="1.0" encoding="UTF-8"?>
<!-- Generated by org.testng.reporters.JUnitReportReporter -->
<testsuite skipped="0" hostname="DESKTOP-NM7JOOM" name="testbeginner.Test01_GET" tests="2" failures="0" timestamp="2020-07-12T07:46:42 IST" time="13.842" errors="0">
  <testcase name="test01" time="8.271" classname="testbeginner.Test01_GET"/>
  <system-out/>
  <testcase name="test02" time="5.571" classname="testbeginner.Test01_GET"/>
  <system-out/>
</testsuite> <!-- testbeginner.Test01_GET -->
