<?xml version="1.0" encoding="UTF-8"?>
<!-- Generated by org.testng.reporters.JUnitReportReporter -->
<testsuite skipped="0" hostname="DESKTOP-NM7JOOM" name="dataDrivenTesting.Tests_Delete" tests="1" failures="0" timestamp="2020-07-15T14:05:18 IST" time="13.065" errors="0">
  <testcase name="test_DeleteParameter" time="13.065" classname="dataDrivenTesting.Tests_Delete"/>
  <system-out/>
</testsuite> <!-- dataDrivenTesting.Tests_Delete -->
