<?xml version="1.0" encoding="UTF-8"?>
<!-- Generated by org.testng.reporters.JUnitReportReporter -->
<testsuite skipped="0" hostname="DESKTOP-NM7JOOM" name="testbeginner.Tests_PUT" tests="1" failures="0" timestamp="2020-07-15T09:04:09 IST" time="6.796" errors="0">
  <testcase name="test_put" time="6.796" classname="testbeginner.Tests_PUT"/>
  <system-out/>
</testsuite> <!-- testbeginner.Tests_PUT -->
