<?xml version="1.0" encoding="UTF-8"?>
<!-- Generated by org.testng.reporters.JUnitReportReporter -->
<testsuite skipped="0" hostname="DESKTOP-NM7JOOM" name="jsonpath.JSONPath" tests="1" failures="0" timestamp="2020-07-20T14:43:29 IST" time="7.838" errors="0">
  <testcase name="acquireJsonPath" time="7.838" classname="jsonpath.JSONPath"/>
  <system-out/>
</testsuite> <!-- jsonpath.JSONPath -->
