<?xml version="1.0" encoding="UTF-8"?>
<!-- Generated by org.testng.reporters.JUnitReportReporter -->
<testsuite skipped="0" hostname="DESKTOP-NM7JOOM" name="testbeginner.Tests_POST" tests="1" failures="0" timestamp="2020-07-15T08:50:01 IST" time="6.401" errors="0">
  <testcase name="test_post" time="6.401" classname="testbeginner.Tests_POST"/>
  <system-out/>
</testsuite> <!-- testbeginner.Tests_POST -->
