<?xml version="1.0" encoding="UTF-8"?>
<!-- Generated by org.testng.reporters.JUnitReportReporter -->
<testsuite skipped="0" hostname="DESKTOP-NM7JOOM" name="APITesting.Tests_GET" tests="1" failures="0" timestamp="2020-07-15T11:12:23 IST" time="5.135" errors="0">
  <testcase name="test_Get" time="5.135" classname="APITesting.Tests_GET"/>
  <system-out/>
</testsuite> <!-- APITesting.Tests_GET -->
