<?xml version="1.0" encoding="UTF-8"?>
<!-- Generated by org.testng.reporters.JUnitReportReporter -->
<testsuite skipped="0" hostname="DESKTOP-NM7JOOM" name="APITesting.Tests_Post" tests="1" failures="0" timestamp="2020-07-15T11:40:04 IST" time="5.922" errors="0">
  <testcase name="test_Post" time="5.922" classname="APITesting.Tests_Post"/>
  <system-out/>
</testsuite> <!-- APITesting.Tests_Post -->
