<?xml version="1.0" encoding="UTF-8"?>
<!-- Generated by org.testng.reporters.JUnitReportReporter -->
<testsuite skipped="0" hostname="DESKTOP-NM7JOOM" name="APITesting.Tests_Put" tests="1" failures="0" timestamp="2020-07-15T11:29:44 IST" time="5.578" errors="0">
  <testcase name="test_Put" time="5.578" classname="APITesting.Tests_Put"/>
  <system-out/>
</testsuite> <!-- APITesting.Tests_Put -->
