<?xml version="1.0" encoding="UTF-8"?>
<!-- Generated by org.testng.reporters.JUnitReportReporter -->
<testsuite skipped="0" hostname="DESKTOP-NM7JOOM" name="testbeginner.Tests_GET" tests="1" failures="0" timestamp="2020-07-15T07:48:52 IST" time="7.644" errors="0">
  <testcase name="test_get" time="7.644" classname="testbeginner.Tests_GET"/>
  <system-out/>
</testsuite> <!-- testbeginner.Tests_GET -->
