<?xml version="1.0" encoding="UTF-8"?>
<!-- Generated by org.testng.reporters.JUnitReportReporter -->
<testsuite skipped="0" hostname="DESKTOP-NM7JOOM" name="jsonschema.JSONSchemaValidator" tests="1" failures="0" timestamp="2020-07-20T12:37:18 IST" time="54.365" errors="0">
  <testcase name="jsonSchemaValidator" time="54.365" classname="jsonschema.JSONSchemaValidator"/>
  <system-out/>
</testsuite> <!-- jsonschema.JSONSchemaValidator -->
