<?xml version="1.0" encoding="UTF-8"?>
<!-- Generated by org.testng.reporters.JUnitReportReporter -->
<testsuite skipped="0" hostname="DESKTOP-NM7JOOM" name="dataDrivenTesting.Tests_Post" tests="4" failures="0" timestamp="2020-07-15T13:19:35 IST" time="4.522" errors="0">
  <testcase name="test_Post" time="0.066" classname="dataDrivenTesting.Tests_Post"/>
  <system-out/>
  <testcase name="test_Post" time="0.075" classname="dataDrivenTesting.Tests_Post"/>
  <system-out/>
  <testcase name="test_Post" time="0.052" classname="dataDrivenTesting.Tests_Post"/>
  <system-out/>
  <testcase name="test_Post" time="4.329" classname="dataDrivenTesting.Tests_Post"/>
  <system-out/>
</testsuite> <!-- dataDrivenTesting.Tests_Post -->
