<?xml version="1.0" encoding="UTF-8"?>
<!-- Generated by org.testng.reporters.JUnitReportReporter -->
<testsuite skipped="0" hostname="DESKTOP-NM7JOOM" name="testbeginner.Tests_Delete" tests="1" failures="0" timestamp="2020-07-15T09:39:25 IST" time="8.812" errors="0">
  <testcase name="test_delete" time="8.812" classname="testbeginner.Tests_Delete"/>
  <system-out/>
</testsuite> <!-- testbeginner.Tests_Delete -->
