<?xml version="1.0" encoding="UTF-8"?>
<!-- Generated by org.testng.reporters.JUnitReportReporter -->
<testsuite skipped="0" hostname="DESKTOP-NM7JOOM" name="testbeginner.Tests_Patch" tests="1" failures="0" timestamp="2020-07-15T09:09:45 IST" time="9.161" errors="0">
  <testcase name="test_patch" time="9.161" classname="testbeginner.Tests_Patch"/>
  <system-out/>
</testsuite> <!-- testbeginner.Tests_Patch -->
