<?xml version="1.0" encoding="UTF-8"?>
<!-- Generated by org.testng.reporters.JUnitReportReporter -->
<testsuite skipped="0" hostname="DESKTOP-NM7JOOM" name="dataDrivenTesting.Tests_Put" tests="4" failures="0" timestamp="2020-07-15T13:20:33 IST" time="4.895" errors="0">
  <testcase name="test_Put" time="4.631" classname="dataDrivenTesting.Tests_Put"/>
  <system-out/>
  <testcase name="test_Put" time="0.068" classname="dataDrivenTesting.Tests_Put"/>
  <system-out/>
  <testcase name="test_Put" time="0.071" classname="dataDrivenTesting.Tests_Put"/>
  <system-out/>
  <testcase name="test_Put" time="0.125" classname="dataDrivenTesting.Tests_Put"/>
  <system-out/>
</testsuite> <!-- dataDrivenTesting.Tests_Put -->
