<?xml version="1.0" encoding="UTF-8"?>
<!-- Generated by org.testng.reporters.JUnitReportReporter -->
<testsuite skipped="0" hostname="DESKTOP-NM7JOOM" name="APITesting.Tests_Patch" tests="1" failures="0" timestamp="2020-07-15T11:46:21 IST" time="4.913" errors="0">
  <testcase name="test_Put" time="4.913" classname="APITesting.Tests_Patch"/>
  <system-out/>
</testsuite> <!-- APITesting.Tests_Patch -->
